_enrich_with_zip_codes called with 1990 leads.
Querying Layer 6 for Zip Polygons...
Layer 6 response: 200
_enrich_with_zip_codes called with 1990 leads.
Querying Layer 6 for Zip Polygons...
Layer 6 response: 200
Starting Strategy B...
Strategy B found 1 features.
Calling _enrich_with_zip_codes for 1 leads...
_enrich_with_zip_codes called with 1 leads.
Querying Layer 6 for Zip Polygons...
Layer 6 response: 200
Enrichment complete.
_enrich_with_zip_codes called with 1999 leads.
Querying Layer 6 for Zip Polygons...
Layer 6 response: 200
_enrich_with_zip_codes called with 1995 leads.
Querying Layer 6 for Zip Polygons...
Layer 6 response: 200
Starting Strategy B...
Strategy B found 1 features.
Calling _enrich_with_zip_codes for 1 leads...
_enrich_with_zip_codes called with 1 leads.
Querying Layer 6 for Zip Polygons...
Layer 6 response: 200
Enrichment complete.
_enrich_with_zip_codes called with 1999 leads.
Querying Layer 6 for Zip Polygons...
Layer 6 response: 200
Starting Strategy B...
Strategy B found 1 features.
Calling _enrich_with_zip_codes for 1 leads...
_enrich_with_zip_codes called with 1 leads.
Querying Layer 6 for Zip Polygons...
Layer 6 response: 200
Enrichment complete.
_enrich_with_zip_codes called with 1999 leads.
Querying Layer 6 for Zip Polygons...
Layer 6 response: 200
_enrich_with_zip_codes called with 1999 leads.
Querying Layer 6 for Zip Polygons...
Layer 6 response: 200
_enrich_with_zip_codes called with 1999 leads.
Querying Layer 6 for Zip Polygons...
Layer 6 response: 200
_enrich_with_zip_codes called with 1999 leads.
Querying Layer 6 for Zip Polygons...
Layer 6 response: 200
_enrich_with_zip_codes called with 4 leads.
Querying Layer 6 for Zip Polygons...
Layer 6 response: 200
Starting Strategy B...
Strategy B found 1 features.
Calling _enrich_with_zip_codes for 1 leads...
_enrich_with_zip_codes called with 1 leads.
Querying Layer 6 for Zip Polygons...
Layer 6 response: 200
Enrichment complete.
Starting Strategy B...
Strategy B found 1 features.
Calling _enrich_with_zip_codes for 1 leads...
_enrich_with_zip_codes called with 1 leads.
Querying Layer 6 for Zip Polygons...
Layer 6 response: 200
Enrichment complete.
_enrich_with_zip_codes called with 1999 leads.
Querying Layer 6 for Zip Polygons...
Layer 6 response: 200
_enrich_with_zip_codes called with 1990 leads.
Querying Layer 6 for Zip Polygons...
Layer 6 response: 200
Starting Strategy B...
Strategy B found 1 features.
Calling _enrich_with_zip_codes for 1 leads...
_enrich_with_zip_codes called with 1 leads.
Querying Layer 6 for Zip Polygons...
Layer 6 response: 200
Enrichment complete.
_enrich_with_zip_codes called with 130 leads.
Querying Layer 6 for Zip Polygons...
Layer 6 response: 200
Starting Strategy B...
Strategy B found 1 features.
Calling _enrich_with_zip_codes for 1 leads...
_enrich_with_zip_codes called with 1 leads.
Querying Layer 6 for Zip Polygons...
Layer 6 response: 200
Enrichment complete.
Starting Strategy B...
Strategy B found 225 features.
Calling _enrich_with_zip_codes for 225 leads...
_enrich_with_zip_codes called with 225 leads.
Querying Layer 6 for Zip Polygons...
Enrichment complete.
_enrich_with_zip_codes called with 150 leads.
Querying Layer 6 for Zip Polygons...
Layer 6 response: 200
_enrich_with_zip_codes called with 150 leads.
Querying Layer 6 for Zip Polygons...
Layer 6 response: 200
_enrich_with_zip_codes called with 150 leads.
Querying Layer 6 for Zip Polygons...
Layer 6 response: 200
_enrich_with_zip_codes called with 551 leads.
Querying Layer 6 for Zip Polygons...
Layer 6 response: 200
_enrich_with_zip_codes called with 601 leads.
Querying Layer 6 for Zip Polygons...
Layer 6 response: 200
_enrich_with_zip_codes called with 601 leads.
Querying Layer 6 for Zip Polygons...
Layer 6 response: 200
